Unity Project/ZigZag Clone/Temp/gradleOut/unityLibrary/build/intermediates/manifest_merge_blame_file/release/manifest-merger-blame-release-report.txt
1<?xml version="1.0" encoding="utf-8"?>
2<!-- GENERATED BY UNITY. REMOVE THIS COMMENT TO PREVENT OVERWRITING WHEN EXPORTING AGAIN -->
3<manifest xmlns:android="http://schemas.android.com/apk/res/android"
4    xmlns:tools="http://schemas.android.com/tools"
5    package="com.unity3d.player"
6    android:versionCode="1"
7    android:versionName="1.0.0" >
8
9    <uses-sdk
10        android:minSdkVersion="19"
10-->src\main\AndroidManifest.xml
11        android:targetSdkVersion="32" />
11-->src\main\AndroidManifest.xml
12
13    <uses-feature android:glEsVersion="0x00030000" />
13-->src\main\AndroidManifest.xml:19:3-52
13-->src\main\AndroidManifest.xml:19:17-49
14    <uses-feature
14-->src\main\AndroidManifest.xml:20:3-91
15        android:name="android.hardware.vulkan.version"
15-->src\main\AndroidManifest.xml:20:17-63
16        android:required="false" />
16-->src\main\AndroidManifest.xml:20:64-88
17
18    <supports-gl-texture android:name="GL_OES_compressed_ETC1_RGB8_texture" />
18-->src\main\AndroidManifest.xml:21:3-77
18-->src\main\AndroidManifest.xml:21:24-74
19
20    <uses-feature
20-->src\main\AndroidManifest.xml:22:3-88
21        android:name="android.hardware.touchscreen"
21-->src\main\AndroidManifest.xml:22:17-60
22        android:required="false" />
22-->src\main\AndroidManifest.xml:22:61-85
23    <uses-feature
23-->src\main\AndroidManifest.xml:23:3-99
24        android:name="android.hardware.touchscreen.multitouch"
24-->src\main\AndroidManifest.xml:23:17-71
25        android:required="false" />
25-->src\main\AndroidManifest.xml:23:72-96
26    <uses-feature
26-->src\main\AndroidManifest.xml:24:3-108
27        android:name="android.hardware.touchscreen.multitouch.distinct"
27-->src\main\AndroidManifest.xml:24:17-80
28        android:required="false" />
28-->src\main\AndroidManifest.xml:24:81-105
29
30    <application>
30-->src\main\AndroidManifest.xml:4:3-18:17
31        <activity
31-->src\main\AndroidManifest.xml:5:5-12:16
32            android:name="com.unity3d.player.UnityPlayerActivity"
32-->src\main\AndroidManifest.xml:5:15-68
33            android:configChanges="mcc|mnc|locale|touchscreen|keyboard|keyboardHidden|navigation|orientation|screenLayout|uiMode|screenSize|smallestScreenSize|fontScale|layoutDirection|density"
33-->src\main\AndroidManifest.xml:5:186-367
34            android:exported="true"
34-->src\main\AndroidManifest.xml:5:439-462
35            android:hardwareAccelerated="false"
35-->src\main\AndroidManifest.xml:5:403-438
36            android:launchMode="singleTask"
36-->src\main\AndroidManifest.xml:5:154-185
37            android:resizeableActivity="false"
37-->src\main\AndroidManifest.xml:5:368-402
38            android:screenOrientation="sensorPortrait"
38-->src\main\AndroidManifest.xml:5:111-153
39            android:theme="@style/UnityThemeSelector" >
39-->src\main\AndroidManifest.xml:5:69-110
40            <intent-filter>
40-->src\main\AndroidManifest.xml:6:7-9:23
41                <action android:name="android.intent.action.MAIN" />
41-->src\main\AndroidManifest.xml:7:9-61
41-->src\main\AndroidManifest.xml:7:17-58
42
43                <category android:name="android.intent.category.LAUNCHER" />
43-->src\main\AndroidManifest.xml:8:9-69
43-->src\main\AndroidManifest.xml:8:19-66
44            </intent-filter>
45
46            <meta-data
46-->src\main\AndroidManifest.xml:10:7-82
47                android:name="unityplayer.UnityActivity"
47-->src\main\AndroidManifest.xml:10:18-58
48                android:value="true" />
48-->src\main\AndroidManifest.xml:10:59-79
49            <meta-data
49-->src\main\AndroidManifest.xml:11:7-78
50                android:name="android.notch_support"
50-->src\main\AndroidManifest.xml:11:18-54
51                android:value="true" />
51-->src\main\AndroidManifest.xml:11:55-75
52        </activity>
53
54        <meta-data
54-->src\main\AndroidManifest.xml:13:5-69
55            android:name="unity.splash-mode"
55-->src\main\AndroidManifest.xml:13:16-48
56            android:value="0" />
56-->src\main\AndroidManifest.xml:13:49-66
57        <meta-data
57-->src\main\AndroidManifest.xml:14:5-74
58            android:name="unity.splash-enable"
58-->src\main\AndroidManifest.xml:14:16-50
59            android:value="True" />
59-->src\main\AndroidManifest.xml:14:51-71
60        <meta-data
60-->src\main\AndroidManifest.xml:15:5-84
61            android:name="unity.allow-resizable-window"
61-->src\main\AndroidManifest.xml:15:16-59
62            android:value="False" />
62-->src\main\AndroidManifest.xml:15:60-81
63        <meta-data
63-->src\main\AndroidManifest.xml:16:5-81
64            android:name="notch.config"
64-->src\main\AndroidManifest.xml:16:16-43
65            android:value="portrait|landscape" />
65-->src\main\AndroidManifest.xml:16:44-78
66        <meta-data
66-->src\main\AndroidManifest.xml:17:5-101
67            android:name="unity.build-id"
67-->src\main\AndroidManifest.xml:17:16-45
68            android:value="f8a07c10-cf6a-4e5d-b9f0-ca2c9775d64a" />
68-->src\main\AndroidManifest.xml:17:46-98
69    </application>
70
71</manifest>